<?xml version="1.0" encoding="UTF-8"?>
<testsuite name="se.callista.microservises.support.ConfigServerApplicationTests" tests="1" skipped="0" failures="0" errors="0" timestamp="2018-09-01T10:17:09" hostname="JohnDebian" time="0.055">
  <properties/>
  <testcase name="contextLoads" classname="se.callista.microservises.support.ConfigServerApplicationTests" time="0.055"/>
  <system-out><![CDATA[18:16:09.549 [Test worker] DEBUG org.springframework.test.context.junit4.SpringJUnit4ClassRunner - SpringJUnit4ClassRunner constructor called with [class se.callista.microservises.support.ConfigServerApplicationTests]
18:16:09.580 [Test worker] DEBUG org.springframework.test.context.BootstrapUtils - Instantiating CacheAwareContextLoaderDelegate from class [org.springframework.test.context.cache.DefaultCacheAwareContextLoaderDelegate]
18:16:09.647 [Test worker] DEBUG org.springframework.test.context.BootstrapUtils - Instantiating BootstrapContext using constructor [public org.springframework.test.context.support.DefaultBootstrapContext(java.lang.Class,org.springframework.test.context.CacheAwareContextLoaderDelegate)]
18:16:09.666 [Test worker] DEBUG org.springframework.test.context.BootstrapUtils - Instantiating TestContextBootstrapper for test class [se.callista.microservises.support.ConfigServerApplicationTests] from class [org.springframework.test.context.support.DefaultTestContextBootstrapper]
18:16:09.705 [Test worker] DEBUG org.springframework.test.context.support.DefaultTestContextBootstrapper - Found explicit ContextLoader class [org.springframework.boot.test.SpringApplicationContextLoader] for context configuration attributes [ContextConfigurationAttributes@5d488e51 declaringClass = 'se.callista.microservises.support.ConfigServerApplicationTests', classes = '{class se.callista.microservises.support.ConfigServerApplication}', locations = '{}', inheritLocations = true, initializers = '{}', inheritInitializers = true, name = [null], contextLoaderClass = 'org.springframework.boot.test.SpringApplicationContextLoader']
18:16:09.780 [Test worker] DEBUG org.springframework.test.context.support.AbstractContextLoader - Did not detect default resource location for test class [se.callista.microservises.support.ConfigServerApplicationTests]: class path resource [se/callista/microservises/support/ConfigServerApplicationTests-context.xml] does not exist
18:16:09.781 [Test worker] DEBUG org.springframework.test.context.support.AbstractContextLoader - Did not detect default resource location for test class [se.callista.microservises.support.ConfigServerApplicationTests]: class path resource [se/callista/microservises/support/ConfigServerApplicationTestsContext.groovy] does not exist
18:16:09.782 [Test worker] INFO org.springframework.test.context.support.AbstractContextLoader - Could not detect default resource locations for test class [se.callista.microservises.support.ConfigServerApplicationTests]: no resource found for suffixes {-context.xml, Context.groovy}.
18:16:09.784 [Test worker] DEBUG org.springframework.test.context.support.ActiveProfilesUtils - Could not find an 'annotation declaring class' for annotation type [org.springframework.test.context.ActiveProfiles] and class [se.callista.microservises.support.ConfigServerApplicationTests]
18:16:09.828 [Test worker] INFO org.springframework.test.context.support.DefaultTestContextBootstrapper - Using TestExecutionListeners: [org.springframework.boot.test.IntegrationTestPropertiesListener@5f9a6e, org.springframework.test.context.support.DirtiesContextBeforeModesTestExecutionListener@4402affe, org.springframework.test.context.support.DependencyInjectionTestExecutionListener@2315b58e, org.springframework.test.context.support.DirtiesContextTestExecutionListener@34ffcb4a, org.springframework.test.context.transaction.TransactionalTestExecutionListener@480fbb51, org.springframework.test.context.jdbc.SqlScriptsTestExecutionListener@192380f1]
18:16:09.832 [Test worker] DEBUG org.springframework.test.annotation.ProfileValueUtils - Retrieved @ProfileValueSourceConfiguration [null] for test class [se.callista.microservises.support.ConfigServerApplicationTests]
18:16:09.833 [Test worker] DEBUG org.springframework.test.annotation.ProfileValueUtils - Retrieved ProfileValueSource type [class org.springframework.test.annotation.SystemProfileValueSource] for class [se.callista.microservises.support.ConfigServerApplicationTests]
18:16:09.835 [Test worker] DEBUG org.springframework.test.annotation.ProfileValueUtils - Retrieved @ProfileValueSourceConfiguration [null] for test class [se.callista.microservises.support.ConfigServerApplicationTests]
18:16:09.835 [Test worker] DEBUG org.springframework.test.annotation.ProfileValueUtils - Retrieved ProfileValueSource type [class org.springframework.test.annotation.SystemProfileValueSource] for class [se.callista.microservises.support.ConfigServerApplicationTests]
18:16:09.840 [Test worker] DEBUG org.springframework.test.context.support.AbstractDirtiesContextTestExecutionListener - Before test class: context [DefaultTestContext@54cd6b61 testClass = ConfigServerApplicationTests, testInstance = [null], testMethod = [null], testException = [null], mergedContextConfiguration = [MergedContextConfiguration@112adbed testClass = ConfigServerApplicationTests, locations = '{}', classes = '{class se.callista.microservises.support.ConfigServerApplication}', contextInitializerClasses = '[]', activeProfiles = '{}', propertySourceLocations = '{}', propertySourceProperties = '{}', contextLoader = 'org.springframework.boot.test.SpringApplicationContextLoader', parent = [null]]], class annotated with @DirtiesContext [false] with mode [null].
18:16:09.841 [Test worker] DEBUG org.springframework.test.annotation.ProfileValueUtils - Retrieved @ProfileValueSourceConfiguration [null] for test class [se.callista.microservises.support.ConfigServerApplicationTests]
18:16:09.842 [Test worker] DEBUG org.springframework.test.annotation.ProfileValueUtils - Retrieved ProfileValueSource type [class org.springframework.test.annotation.SystemProfileValueSource] for class [se.callista.microservises.support.ConfigServerApplicationTests]
18:16:09.854 [Test worker] DEBUG org.springframework.test.util.ReflectionTestUtils - Getting field 'mergedContextConfiguration' from target object [[DefaultTestContext@54cd6b61 testClass = ConfigServerApplicationTests, testInstance = se.callista.microservises.support.ConfigServerApplicationTests@623eeaa3, testMethod = [null], testException = [null], mergedContextConfiguration = [MergedContextConfiguration@112adbed testClass = ConfigServerApplicationTests, locations = '{}', classes = '{class se.callista.microservises.support.ConfigServerApplication}', contextInitializerClasses = '[]', activeProfiles = '{}', propertySourceLocations = '{}', propertySourceProperties = '{}', contextLoader = 'org.springframework.boot.test.SpringApplicationContextLoader', parent = [null]]]] or target class [class org.springframework.test.context.support.DefaultTestContext]
18:16:09.859 [Test worker] DEBUG org.springframework.test.util.ReflectionTestUtils - Setting field 'propertySourceProperties' of type [null] on target object [[MergedContextConfiguration@112adbed testClass = ConfigServerApplicationTests, locations = '{}', classes = '{class se.callista.microservises.support.ConfigServerApplication}', contextInitializerClasses = '[]', activeProfiles = '{}', propertySourceLocations = '{}', propertySourceProperties = '{}', contextLoader = 'org.springframework.boot.test.SpringApplicationContextLoader', parent = [null]]] or target class [class org.springframework.test.context.MergedContextConfiguration] to value [[Ljava.lang.String;@437a7c3c]
18:16:09.859 [Test worker] DEBUG org.springframework.test.context.support.DependencyInjectionTestExecutionListener - Performing dependency injection for test context [[DefaultTestContext@54cd6b61 testClass = ConfigServerApplicationTests, testInstance = se.callista.microservises.support.ConfigServerApplicationTests@623eeaa3, testMethod = [null], testException = [null], mergedContextConfiguration = [MergedContextConfiguration@112adbed testClass = ConfigServerApplicationTests, locations = '{}', classes = '{class se.callista.microservises.support.ConfigServerApplication}', contextInitializerClasses = '[]', activeProfiles = '{}', propertySourceLocations = '{}', propertySourceProperties = '{server.port=0, spring.cloud.bus.enabled=false, spring.cloud.discovery.enabled=false, org.springframework.boot.test.IntegrationTest=true}', contextLoader = 'org.springframework.boot.test.SpringApplicationContextLoader', parent = [null]]]].
18:16:10.272 [Test worker] DEBUG org.springframework.core.env.StandardEnvironment - Adding [systemProperties] PropertySource with lowest search precedence
18:16:10.275 [Test worker] DEBUG org.springframework.core.env.StandardEnvironment - Adding [systemEnvironment] PropertySource with lowest search precedence
18:16:10.276 [Test worker] DEBUG org.springframework.core.env.StandardEnvironment - Initialized StandardEnvironment with PropertySources [systemProperties,systemEnvironment]
18:16:10.285 [Test worker] DEBUG org.springframework.core.env.StandardEnvironment - Adding [integrationTest] PropertySource with search precedence immediately lower than [systemEnvironment]
2018-09-01 18:16:17.282  INFO [config-server,,,] 68632 --- [    Test worker] s.c.a.AnnotationConfigApplicationContext : Refreshing org.springframework.context.annotation.AnnotationConfigApplicationContext@1de5727d: startup date [Sat Sep 01 18:16:17 HKT 2018]; root of context hierarchy
2018-09-01 18:16:18.542  INFO [config-server,,,] 68632 --- [    Test worker] f.a.AutowiredAnnotationBeanPostProcessor : JSR-330 'javax.inject.Inject' annotation found and supported for autowiring
2018-09-01 18:16:19.028  INFO [config-server,,,] 68632 --- [    Test worker] trationDelegate$BeanPostProcessorChecker : Bean 'configurationPropertiesRebinderAutoConfiguration' of type [class org.springframework.cloud.autoconfigure.ConfigurationPropertiesRebinderAutoConfiguration$$EnhancerBySpringCGLIB$$acb400e6] is not eligible for getting processed by all BeanPostProcessors (for example: not eligible for auto-proxying)

  .   ____          _            __ _ _
 /\\ / ___'_ __ _ _(_)_ __  __ _ \ \ \ \
( ( )\___ | '_ | '_| | '_ \/ _` | \ \ \ \
 \\/  ___)| |_)| | | | | || (_| |  ) ) ) )
  '  |____| .__|_| |_|_| |_\__, | / / / /
 =========|_|==============|___/=/_/_/_/
 :: Spring Boot ::        (v1.3.6.RELEASE)

2018-09-01 18:16:27.117  INFO [config-server,,,] 68632 --- [    Test worker] s.c.m.s.ConfigServerApplicationTests     : No active profile set, falling back to default profiles: default
2018-09-01 18:16:46.989  WARN [config-server,,,] 68632 --- [    Test worker] o.s.c.a.ConfigurationClassPostProcessor  : Cannot enhance @Configuration bean definition 'refreshScope' since its singleton instance has been created too early. The typical cause is a non-static @Bean method with a BeanDefinitionRegistryPostProcessor return type: Consider declaring such methods as 'static'.
2018-09-01 18:17:07.289  WARN [config-server,,,] 68632 --- [    Test worker] c.n.c.sources.URLConfigurationSource     : No URLs will be polled as dynamic configuration sources.
2018-09-01 18:17:07.322  WARN [config-server,,,] 68632 --- [    Test worker] c.n.c.sources.URLConfigurationSource     : No URLs will be polled as dynamic configuration sources.
2018-09-01 18:17:09.772  INFO [config-server,,,] 68632 --- [    Test worker] s.c.m.s.ConfigServerApplicationTests     : Started ConfigServerApplicationTests in 59.464 seconds (JVM running for 74.743)
]]></system-out>
  <system-err><![CDATA[]]></system-err>
</testsuite>
